==194654== Massif, a heap profiler
==194654== Copyright (C) 2003-2017, and GNU GPL'd, by Nicholas Nethercote
==194654== Using Valgrind-3.19.0 and LibVEX; rerun with -h for copyright info
==194654== Command: ./build/npb_bt_s
==194654== 


 NAS Parallel Benchmarks (NPB3.3-OMP-C) - BT Benchmark

 No input file inputbt.data. Using compiled defaults
 Size:   12x  12x  12
 Iterations:   60       dt:   0.0100000

 Time step    1
 Time step   20
 Time step   40
 Time step   60
 Verification being performed for class S
 accuracy setting for epsilon =  1.0000000000000E-08
 Comparison of RMS-norms of residual
           1 1.7034283709540E-01 1.7034283709541E-01 7.2019256173574E-14
           2 1.2975252070029E-02 1.2975252070034E-02 3.6806173040703E-13
           3 3.2527926989482E-02 3.2527926989486E-02 1.2756603136369E-13
           4 2.6436421275145E-02 2.6436421275167E-02 8.0776614077239E-13
           5 1.9211784131747E-01 1.9211784131744E-01 1.3493649234879E-13
 Comparison of RMS-norms of solution error
           1 4.9976913345802E-04 4.9976913345812E-04 1.9633124585146E-13
           2 4.5195666782973E-05 4.5195666782962E-05 2.4124012041720E-13
           3 7.3973765172966E-05 7.3973765172921E-05 6.0659907345327E-13
           4 7.3821238632378E-05 7.3821238632440E-05 8.3751817270128E-13
           5 8.9269630987488E-04 8.9269630987491E-04 3.4856873503481E-14
 Verification Successful


 BT Benchmark Completed.
 Class           =                        S
 Size            =             12x  12x  12
 Iterations      =                       60
 Total threads   =                        1
 Avail threads   =                        1
 Operation type  =           floating point
 Verification    =               SUCCESSFUL
 Version         =                    3.3.1
 Compile date    =              11 Nov 2013

 Compile options:
    CC           = gcc
    CLINK        = $(CC)
    C_LIB        = -lm
    C_INC        = (none)
    CFLAGS       = (unknown)
    CLINKFLAGS   = (unknown)
    RAND         = (none)

--------------------------------------
 Please send all errors/feedbacks to:
 Center for Manycore Programming
 cmp@aces.snu.ac.kr
 http://aces.snu.ac.kr
--------------------------------------

==194654== 
	Command being timed: "valgrind --tool=massif ./build/npb_bt_s"
	User time (seconds): 1.29
	System time (seconds): 0.02
	Percent of CPU this job got: 96%
	Elapsed (wall clock) time (h:mm:ss or m:ss): 0:01.36
	Average shared text size (kbytes): 0
	Average unshared data size (kbytes): 0
	Average stack size (kbytes): 0
	Average total size (kbytes): 0
	Maximum resident set size (kbytes): 28320
	Average resident set size (kbytes): 0
	Major (requiring I/O) page faults: 3
	Minor (reclaiming a frame) page faults: 5738
	Voluntary context switches: 72
	Involuntary context switches: 6
	Swaps: 0
	File system inputs: 240
	File system outputs: 48
	Socket messages sent: 0
	Socket messages received: 0
	Signals delivered: 0
	Page size (bytes): 4096
	Exit status: 0
