
HPCS SSCA Graph Analysis Benchmark v2.2
Running...

SCALE: 17

Scalable Data Generator -- genScalData() beginning execution...

	genScalData() completed execution

Kernel 1 -- computeGraph() beginning execution...

	computeGraph() completed execution

Kernel 2 -- getStartLists() beginning execution...

	getStartLists() completed execution

Max. int wt. list size is 7

Kernel 3 -- findSubGraphs() beginning execution...
Search from <13182, 109675>, number of vertices visited: 5438
Search from <32829, 100045>, number of vertices visited: 127
Search from <33409, 54807>, number of vertices visited: 12946
Search from <36635, 112892>, number of vertices visited: 1870
Search from <37070, 31191>, number of vertices visited: 71218
Search from <78658, 52103>, number of vertices visited: 3486
Search from <125999, 88322>, number of vertices visited: 6357

	findSubGraphs() completed execution

Kernel 4 -- betweennessCentrality() beginning execution...

 Performance counter stats for './build/ssca2 17':

     4,282,879,437      L1-dcache-load-misses:u   #   38.60% of all L1-dcache accesses  (10.71%)
    11,096,022,319      L1-dcache-loads:u                                             (14.28%)
       473,595,792      L1-dcache-prefetch-misses:u                                     (14.29%)
           806,832      L1-dcache-prefetches:u                                        (14.29%)
       649,647,670      L1-dcache-store-misses:u                                      (14.29%)
     2,640,598,225      L1-dcache-stores:u                                            (14.29%)
           450,643      L1-icache-load-misses:u   #    0.00% of all L1-icache accesses  (14.29%)
    30,978,616,132      L1-icache-loads:u                                             (14.29%)
       294,297,721      LLC-load-misses:u         #   10.61% of all LL-cache accesses  (14.29%)
     2,772,876,892      LLC-loads:u                                                   (14.29%)
         1,065,283      LLC-prefetch-misses:u                                         (7.15%)
         4,852,148      LLC-prefetches:u                                              (7.15%)
        42,170,521      LLC-store-misses:u                                            (7.15%)
     1,943,787,968      LLC-stores:u                                                  (7.15%)
    11,392,071,937      branch-load-misses:u                                          (10.72%)
     5,705,307,124      branch-loads:u                                                (14.29%)
     1,491,876,813      dTLB-load-misses:u        #   13.38% of all dTLB cache accesses  (14.29%)
    11,151,224,788      dTLB-loads:u                                                  (14.28%)
       285,247,715      dTLB-store-misses:u                                           (14.28%)
     2,646,227,081      dTLB-stores:u                                                 (14.28%)
           137,013      iTLB-load-misses:u        #    0.00% of all iTLB cache accesses  (14.28%)
    34,574,528,292      iTLB-loads:u                                                  (14.28%)
                84      node-load-misses:u                                            (14.28%)
       291,570,896      node-loads:u                                                  (14.28%)
               434      node-prefetch-misses:u                                        (7.14%)
         1,063,756      node-prefetches:u                                             (7.14%)
                 0      node-store-misses:u                                           (7.14%)
        42,486,051      node-stores:u                                                 (7.14%)

      32.581539449 seconds time elapsed

      32.132124000 seconds user
       0.014824000 seconds sys



real	0m32.610s
user	0m32.153s
sys	0m0.021s
