['wall_clock_time: 0.63', ' CPU_time: 0.62', ' system_time: 0.00', ' max_memory_usage: 1300']
['wall_clock_time: 0.63', ' CPU_time: 0.62', ' system_time: 0.00', ' max_memory_usage: 1340']
['wall_clock_time: 0.63', ' CPU_time: 0.63', ' system_time: 0.00', ' max_memory_usage: 1360']
['wall_clock_time: 0.63', ' CPU_time: 0.62', ' system_time: 0.00', ' max_memory_usage: 1360']
['wall_clock_time: 0.63', ' CPU_time: 0.62', ' system_time: 0.00', ' max_memory_usage: 1372']
['wall_clock_time: 0.63', ' CPU_time: 0.62', ' system_time: 0.00', ' max_memory_usage: 1416']
['wall_clock_time: 0.63', ' CPU_time: 0.62', ' system_time: 0.00', ' max_memory_usage: 1368']
['wall_clock_time: 0.63', ' CPU_time: 0.62', ' system_time: 0.00', ' max_memory_usage: 1336']
['wall_clock_time: 0.63', ' CPU_time: 0.63', ' system_time: 0.00', ' max_memory_usage: 1364']
['wall_clock_time: 0.63', ' CPU_time: 0.62', ' system_time: 0.00', ' max_memory_usage: 1360']
delannoy:
Mean: {'wall_clock_time:': 0.63, 'CPU_time:': 0.622, 'system_time:': 0.0, 'max_memory_usage:': 1357.6}
Variance: {'wall_clock_time:': 0.0, 'CPU_time:': 1.777777777777781e-05, 'system_time:': 0.0, 'max_memory_usage:': 875.3777777777777}


['wall_clock_time: 6.27', ' CPU_time: 3.08', ' system_time: 0.22', ' max_memory_usage: 2516']
['wall_clock_time: 6.14', ' CPU_time: 3.07', ' system_time: 0.19', ' max_memory_usage: 2468']
['wall_clock_time: 6.25', ' CPU_time: 3.08', ' system_time: 0.19', ' max_memory_usage: 2480']
['wall_clock_time: 6.18', ' CPU_time: 3.08', ' system_time: 0.19', ' max_memory_usage: 2476']
['wall_clock_time: 6.17', ' CPU_time: 3.06', ' system_time: 0.21', ' max_memory_usage: 2488']
['wall_clock_time: 6.26', ' CPU_time: 3.05', ' system_time: 0.21', ' max_memory_usage: 2572']
['wall_clock_time: 6.19', ' CPU_time: 3.07', ' system_time: 0.19', ' max_memory_usage: 2484']
['wall_clock_time: 6.22', ' CPU_time: 3.07', ' system_time: 0.20', ' max_memory_usage: 2512']
['wall_clock_time: 6.29', ' CPU_time: 3.07', ' system_time: 0.20', ' max_memory_usage: 2560']
['wall_clock_time: 6.46', ' CPU_time: 3.35', ' system_time: 0.21', ' max_memory_usage: 2468']
filegen:
Mean: {'wall_clock_time:': 6.243, 'CPU_time:': 3.098, 'system_time:': 0.201, 'max_memory_usage:': 2502.4}
Variance: {'wall_clock_time:': 0.008178888888888894, 'CPU_time:': 0.007928888888888899, 'system_time:': 0.00012111111111111105, 'max_memory_usage:': 1394.4888888888888}


['wall_clock_time: 0.01', ' CPU_time: 0.00', ' system_time: 0.00', ' max_memory_usage: 1556']
['wall_clock_time: 0.00', ' CPU_time: 0.00', ' system_time: 0.00', ' max_memory_usage: 1448']
['wall_clock_time: 0.00', ' CPU_time: 0.00', ' system_time: 0.00', ' max_memory_usage: 1452']
['wall_clock_time: 0.00', ' CPU_time: 0.00', ' system_time: 0.00', ' max_memory_usage: 1448']
['wall_clock_time: 0.00', ' CPU_time: 0.00', ' system_time: 0.00', ' max_memory_usage: 1452']
['wall_clock_time: 0.00', ' CPU_time: 0.00', ' system_time: 0.00', ' max_memory_usage: 1308']
['wall_clock_time: 0.00', ' CPU_time: 0.00', ' system_time: 0.00', ' max_memory_usage: 1436']
['wall_clock_time: 0.00', ' CPU_time: 0.00', ' system_time: 0.00', ' max_memory_usage: 1448']
['wall_clock_time: 0.00', ' CPU_time: 0.00', ' system_time: 0.00', ' max_memory_usage: 1444']
['wall_clock_time: 0.00', ' CPU_time: 0.00', ' system_time: 0.00', ' max_memory_usage: 1308']
filesearch:
Mean: {'wall_clock_time:': 0.001, 'CPU_time:': 0.0, 'system_time:': 0.0, 'max_memory_usage:': 1430.0}
Variance: {'wall_clock_time:': 1.0000000000000003e-05, 'CPU_time:': 0.0, 'system_time:': 0.0, 'max_memory_usage:': 5312.888888888889}


['wall_clock_time: 1.99', ' CPU_time: 1.98', ' system_time: 0.00', ' max_memory_usage: 24656']
['wall_clock_time: 2.13', ' CPU_time: 2.12', ' system_time: 0.00', ' max_memory_usage: 24664']
['wall_clock_time: 1.99', ' CPU_time: 1.98', ' system_time: 0.00', ' max_memory_usage: 24616']
['wall_clock_time: 2.08', ' CPU_time: 2.07', ' system_time: 0.00', ' max_memory_usage: 24524']
['wall_clock_time: 1.99', ' CPU_time: 1.97', ' system_time: 0.00', ' max_memory_usage: 24664']
['wall_clock_time: 2.11', ' CPU_time: 2.10', ' system_time: 0.00', ' max_memory_usage: 24564']
['wall_clock_time: 1.99', ' CPU_time: 1.98', ' system_time: 0.00', ' max_memory_usage: 24548']
['wall_clock_time: 1.99', ' CPU_time: 1.98', ' system_time: 0.00', ' max_memory_usage: 24544']
['wall_clock_time: 1.99', ' CPU_time: 1.97', ' system_time: 0.00', ' max_memory_usage: 24508']
['wall_clock_time: 1.99', ' CPU_time: 1.97', ' system_time: 0.00', ' max_memory_usage: 24656']
mmul:
Mean: {'wall_clock_time:': 2.025, 'CPU_time:': 2.012, 'system_time:': 0.0, 'max_memory_usage:': 24594.4}
Variance: {'wall_clock_time:': 0.003316666666666663, 'CPU_time:': 0.0035733333333333368, 'system_time:': 0.0, 'max_memory_usage:': 3975.822222222222}


['wall_clock_time: 2.55', ' CPU_time: 2.54', ' system_time: 0.00', ' max_memory_usage: 1804']
['wall_clock_time: 2.56', ' CPU_time: 2.55', ' system_time: 0.00', ' max_memory_usage: 1800']
['wall_clock_time: 2.56', ' CPU_time: 2.55', ' system_time: 0.00', ' max_memory_usage: 1848']
['wall_clock_time: 2.56', ' CPU_time: 2.55', ' system_time: 0.00', ' max_memory_usage: 2016']
['wall_clock_time: 2.56', ' CPU_time: 2.55', ' system_time: 0.00', ' max_memory_usage: 1896']
['wall_clock_time: 2.56', ' CPU_time: 2.55', ' system_time: 0.00', ' max_memory_usage: 1884']
['wall_clock_time: 2.56', ' CPU_time: 2.55', ' system_time: 0.00', ' max_memory_usage: 1944']
['wall_clock_time: 2.56', ' CPU_time: 2.56', ' system_time: 0.00', ' max_memory_usage: 1904']
['wall_clock_time: 2.56', ' CPU_time: 2.55', ' system_time: 0.00', ' max_memory_usage: 2012']
['wall_clock_time: 2.56', ' CPU_time: 2.56', ' system_time: 0.00', ' max_memory_usage: 1896']
nbody:
Mean: {'wall_clock_time:': 2.559, 'CPU_time:': 2.5509999999999997, 'system_time:': 0.0, 'max_memory_usage:': 1900.4}
Variance: {'wall_clock_time:': 1.0000000000000462e-05, 'CPU_time:': 3.222222222222262e-05, 'system_time:': 0.0, 'max_memory_usage:': 5573.155555555555}


['Command terminated by signal 11', 'wall_clock_time: 0.25', ' CPU_time: 0.00', ' system_time: 0.03', ' max_memory_usage: 1476']
['Command terminated by signal 11', 'wall_clock_time: 0.27', ' CPU_time: 0.00', ' system_time: 0.03', ' max_memory_usage: 1376']
['Command terminated by signal 11', 'wall_clock_time: 0.27', ' CPU_time: 0.00', ' system_time: 0.03', ' max_memory_usage: 1368']
['Command terminated by signal 11', 'wall_clock_time: 0.27', ' CPU_time: 0.00', ' system_time: 0.03', ' max_memory_usage: 1240']
['Command terminated by signal 11', 'wall_clock_time: 0.27', ' CPU_time: 0.00', ' system_time: 0.03', ' max_memory_usage: 1484']
['Command terminated by signal 11', 'wall_clock_time: 0.27', ' CPU_time: 0.00', ' system_time: 0.03', ' max_memory_usage: 1364']
['Command terminated by signal 11', 'wall_clock_time: 0.27', ' CPU_time: 0.00', ' system_time: 0.02', ' max_memory_usage: 1336']
['Command terminated by signal 11', 'wall_clock_time: 0.27', ' CPU_time: 0.00', ' system_time: 0.03', ' max_memory_usage: 1416']
['Command terminated by signal 11', 'wall_clock_time: 0.27', ' CPU_time: 0.00', ' system_time: 0.03', ' max_memory_usage: 1336']
['Command terminated by signal 11', 'wall_clock_time: 0.29', ' CPU_time: 0.00', ' system_time: 0.03', ' max_memory_usage: 1336']
qap:
Mean: {'signal': 11.0, 'wall_clock_time:': 0.27, 'CPU_time:': 0.0, 'system_time:': 0.028999999999999998, 'max_memory_usage:': 1373.2}
Variance: {'signal': 0.0, 'wall_clock_time:': 8.88888888888888e-05, 'CPU_time:': 0.0, 'system_time:': 9.999999999999997e-06, 'max_memory_usage:': 5187.733333333334}


