running benchmarks fornbody
/bin/time -f "wall_clock_time: %e
 CPU_time: %U
 system_time: %S
 max_memory_usage: %M
" ./build/nbody 
CompletedProcess(args='/bin/time -f "wall_clock_time: %e\n CPU_time: %U\n system_time: %S\n max_memory_usage: %M\n" ./build/nbody ', returncode=0, stdout='Verification: OK\n', stderr='wall_clock_time: 2.56\n CPU_time: 2.55\n system_time: 0.00\n max_memory_usage: 1868\n\n')
{'time_metrics': {'wall_clock_time:': 2.56, 'CPU_time:': 2.55, 'system_time:': 0.0, 'max_memory_usage:': 1868.0}, 'program_output': ['Verification: OK']}
CompletedProcess(args='/bin/time -f "wall_clock_time: %e\n CPU_time: %U\n system_time: %S\n max_memory_usage: %M\n" ./build/nbody ', returncode=0, stdout='Verification: OK\n', stderr='wall_clock_time: 2.57\n CPU_time: 2.56\n system_time: 0.00\n max_memory_usage: 1928\n\n')
{'time_metrics': {'wall_clock_time:': 2.57, 'CPU_time:': 2.56, 'system_time:': 0.0, 'max_memory_usage:': 1928.0}, 'program_output': ['Verification: OK']}
CompletedProcess(args='/bin/time -f "wall_clock_time: %e\n CPU_time: %U\n system_time: %S\n max_memory_usage: %M\n" ./build/nbody ', returncode=0, stdout='Verification: OK\n', stderr='wall_clock_time: 2.57\n CPU_time: 2.56\n system_time: 0.00\n max_memory_usage: 1888\n\n')
{'time_metrics': {'wall_clock_time:': 2.57, 'CPU_time:': 2.56, 'system_time:': 0.0, 'max_memory_usage:': 1888.0}, 'program_output': ['Verification: OK']}
CompletedProcess(args='/bin/time -f "wall_clock_time: %e\n CPU_time: %U\n system_time: %S\n max_memory_usage: %M\n" ./build/nbody ', returncode=0, stdout='Verification: OK\n', stderr='wall_clock_time: 2.57\n CPU_time: 2.56\n system_time: 0.00\n max_memory_usage: 1856\n\n')
{'time_metrics': {'wall_clock_time:': 2.57, 'CPU_time:': 2.56, 'system_time:': 0.0, 'max_memory_usage:': 1856.0}, 'program_output': ['Verification: OK']}
CompletedProcess(args='/bin/time -f "wall_clock_time: %e\n CPU_time: %U\n system_time: %S\n max_memory_usage: %M\n" ./build/nbody ', returncode=0, stdout='Verification: OK\n', stderr='wall_clock_time: 2.57\n CPU_time: 2.56\n system_time: 0.00\n max_memory_usage: 1884\n\n')
{'time_metrics': {'wall_clock_time:': 2.57, 'CPU_time:': 2.56, 'system_time:': 0.0, 'max_memory_usage:': 1884.0}, 'program_output': ['Verification: OK']}
CompletedProcess(args='/bin/time -f "wall_clock_time: %e\n CPU_time: %U\n system_time: %S\n max_memory_usage: %M\n" ./build/nbody ', returncode=0, stdout='Verification: OK\n', stderr='wall_clock_time: 2.56\n CPU_time: 2.56\n system_time: 0.00\n max_memory_usage: 1868\n\n')
{'time_metrics': {'wall_clock_time:': 2.56, 'CPU_time:': 2.56, 'system_time:': 0.0, 'max_memory_usage:': 1868.0}, 'program_output': ['Verification: OK']}
CompletedProcess(args='/bin/time -f "wall_clock_time: %e\n CPU_time: %U\n system_time: %S\n max_memory_usage: %M\n" ./build/nbody ', returncode=0, stdout='Verification: OK\n', stderr='wall_clock_time: 2.57\n CPU_time: 2.56\n system_time: 0.00\n max_memory_usage: 1880\n\n')
{'time_metrics': {'wall_clock_time:': 2.57, 'CPU_time:': 2.56, 'system_time:': 0.0, 'max_memory_usage:': 1880.0}, 'program_output': ['Verification: OK']}
CompletedProcess(args='/bin/time -f "wall_clock_time: %e\n CPU_time: %U\n system_time: %S\n max_memory_usage: %M\n" ./build/nbody ', returncode=0, stdout='Verification: OK\n', stderr='wall_clock_time: 2.56\n CPU_time: 2.56\n system_time: 0.00\n max_memory_usage: 1872\n\n')
{'time_metrics': {'wall_clock_time:': 2.56, 'CPU_time:': 2.56, 'system_time:': 0.0, 'max_memory_usage:': 1872.0}, 'program_output': ['Verification: OK']}
CompletedProcess(args='/bin/time -f "wall_clock_time: %e\n CPU_time: %U\n system_time: %S\n max_memory_usage: %M\n" ./build/nbody ', returncode=0, stdout='Verification: OK\n', stderr='wall_clock_time: 2.56\n CPU_time: 2.55\n system_time: 0.00\n max_memory_usage: 1768\n\n')
{'time_metrics': {'wall_clock_time:': 2.56, 'CPU_time:': 2.55, 'system_time:': 0.0, 'max_memory_usage:': 1768.0}, 'program_output': ['Verification: OK']}
CompletedProcess(args='/bin/time -f "wall_clock_time: %e\n CPU_time: %U\n system_time: %S\n max_memory_usage: %M\n" ./build/nbody ', returncode=0, stdout='Verification: OK\n', stderr='wall_clock_time: 2.56\n CPU_time: 2.55\n system_time: 0.00\n max_memory_usage: 1876\n\n')
{'time_metrics': {'wall_clock_time:': 2.56, 'CPU_time:': 2.55, 'system_time:': 0.0, 'max_memory_usage:': 1876.0}, 'program_output': ['Verification: OK']}
running benchmarks formmul
/bin/time -f "wall_clock_time: %e
 CPU_time: %U
 system_time: %S
 max_memory_usage: %M
" ./build/mmul 
CompletedProcess(args='/bin/time -f "wall_clock_time: %e\n CPU_time: %U\n system_time: %S\n max_memory_usage: %M\n" ./build/mmul ', returncode=0, stdout='Verification: OK\n', stderr='wall_clock_time: 2.00\n CPU_time: 1.98\n system_time: 0.00\n max_memory_usage: 24468\n\n')
{'time_metrics': {'wall_clock_time:': 2.0, 'CPU_time:': 1.98, 'system_time:': 0.0, 'max_memory_usage:': 24468.0}, 'program_output': ['Verification: OK']}
CompletedProcess(args='/bin/time -f "wall_clock_time: %e\n CPU_time: %U\n system_time: %S\n max_memory_usage: %M\n" ./build/mmul ', returncode=0, stdout='Verification: OK\n', stderr='wall_clock_time: 1.98\n CPU_time: 1.97\n system_time: 0.00\n max_memory_usage: 24596\n\n')
{'time_metrics': {'wall_clock_time:': 1.98, 'CPU_time:': 1.97, 'system_time:': 0.0, 'max_memory_usage:': 24596.0}, 'program_output': ['Verification: OK']}
CompletedProcess(args='/bin/time -f "wall_clock_time: %e\n CPU_time: %U\n system_time: %S\n max_memory_usage: %M\n" ./build/mmul ', returncode=0, stdout='Verification: OK\n', stderr='wall_clock_time: 1.98\n CPU_time: 1.97\n system_time: 0.00\n max_memory_usage: 24580\n\n')
{'time_metrics': {'wall_clock_time:': 1.98, 'CPU_time:': 1.97, 'system_time:': 0.0, 'max_memory_usage:': 24580.0}, 'program_output': ['Verification: OK']}
CompletedProcess(args='/bin/time -f "wall_clock_time: %e\n CPU_time: %U\n system_time: %S\n max_memory_usage: %M\n" ./build/mmul ', returncode=0, stdout='Verification: OK\n', stderr='wall_clock_time: 1.99\n CPU_time: 1.98\n system_time: 0.00\n max_memory_usage: 24592\n\n')
{'time_metrics': {'wall_clock_time:': 1.99, 'CPU_time:': 1.98, 'system_time:': 0.0, 'max_memory_usage:': 24592.0}, 'program_output': ['Verification: OK']}
CompletedProcess(args='/bin/time -f "wall_clock_time: %e\n CPU_time: %U\n system_time: %S\n max_memory_usage: %M\n" ./build/mmul ', returncode=0, stdout='Verification: OK\n', stderr='wall_clock_time: 2.13\n CPU_time: 2.12\n system_time: 0.00\n max_memory_usage: 24576\n\n')
{'time_metrics': {'wall_clock_time:': 2.13, 'CPU_time:': 2.12, 'system_time:': 0.0, 'max_memory_usage:': 24576.0}, 'program_output': ['Verification: OK']}
CompletedProcess(args='/bin/time -f "wall_clock_time: %e\n CPU_time: %U\n system_time: %S\n max_memory_usage: %M\n" ./build/mmul ', returncode=0, stdout='Verification: OK\n', stderr='wall_clock_time: 2.16\n CPU_time: 2.14\n system_time: 0.00\n max_memory_usage: 24556\n\n')
{'time_metrics': {'wall_clock_time:': 2.16, 'CPU_time:': 2.14, 'system_time:': 0.0, 'max_memory_usage:': 24556.0}, 'program_output': ['Verification: OK']}
CompletedProcess(args='/bin/time -f "wall_clock_time: %e\n CPU_time: %U\n system_time: %S\n max_memory_usage: %M\n" ./build/mmul ', returncode=0, stdout='Verification: OK\n', stderr='wall_clock_time: 2.14\n CPU_time: 2.13\n system_time: 0.00\n max_memory_usage: 24648\n\n')
{'time_metrics': {'wall_clock_time:': 2.14, 'CPU_time:': 2.13, 'system_time:': 0.0, 'max_memory_usage:': 24648.0}, 'program_output': ['Verification: OK']}
CompletedProcess(args='/bin/time -f "wall_clock_time: %e\n CPU_time: %U\n system_time: %S\n max_memory_usage: %M\n" ./build/mmul ', returncode=0, stdout='Verification: OK\n', stderr='wall_clock_time: 1.99\n CPU_time: 1.98\n system_time: 0.00\n max_memory_usage: 24576\n\n')
{'time_metrics': {'wall_clock_time:': 1.99, 'CPU_time:': 1.98, 'system_time:': 0.0, 'max_memory_usage:': 24576.0}, 'program_output': ['Verification: OK']}
CompletedProcess(args='/bin/time -f "wall_clock_time: %e\n CPU_time: %U\n system_time: %S\n max_memory_usage: %M\n" ./build/mmul ', returncode=0, stdout='Verification: OK\n', stderr='wall_clock_time: 1.98\n CPU_time: 1.97\n system_time: 0.00\n max_memory_usage: 24644\n\n')
{'time_metrics': {'wall_clock_time:': 1.98, 'CPU_time:': 1.97, 'system_time:': 0.0, 'max_memory_usage:': 24644.0}, 'program_output': ['Verification: OK']}
CompletedProcess(args='/bin/time -f "wall_clock_time: %e\n CPU_time: %U\n system_time: %S\n max_memory_usage: %M\n" ./build/mmul ', returncode=0, stdout='Verification: OK\n', stderr='wall_clock_time: 1.98\n CPU_time: 1.97\n system_time: 0.00\n max_memory_usage: 24572\n\n')
{'time_metrics': {'wall_clock_time:': 1.98, 'CPU_time:': 1.97, 'system_time:': 0.0, 'max_memory_usage:': 24572.0}, 'program_output': ['Verification: OK']}
running benchmarks fornbody
/bin/time -f "wall_clock_time: %e
 CPU_time: %U
 system_time: %S
 max_memory_usage: %M
" ./build/nbody 
CompletedProcess(args='/bin/time -f "wall_clock_time: %e\n CPU_time: %U\n system_time: %S\n max_memory_usage: %M\n" ./build/nbody ', returncode=0, stdout='Verification: OK\n', stderr='wall_clock_time: 2.58\n CPU_time: 2.57\n system_time: 0.00\n max_memory_usage: 1892\n\n')
{'time_metrics': {'wall_clock_time:': 2.58, 'CPU_time:': 2.57, 'system_time:': 0.0, 'max_memory_usage:': 1892.0}, 'program_output': ['Verification: OK']}
CompletedProcess(args='/bin/time -f "wall_clock_time: %e\n CPU_time: %U\n system_time: %S\n max_memory_usage: %M\n" ./build/nbody ', returncode=0, stdout='Verification: OK\n', stderr='wall_clock_time: 2.58\n CPU_time: 2.57\n system_time: 0.00\n max_memory_usage: 1772\n\n')
{'time_metrics': {'wall_clock_time:': 2.58, 'CPU_time:': 2.57, 'system_time:': 0.0, 'max_memory_usage:': 1772.0}, 'program_output': ['Verification: OK']}
CompletedProcess(args='/bin/time -f "wall_clock_time: %e\n CPU_time: %U\n system_time: %S\n max_memory_usage: %M\n" ./build/nbody ', returncode=0, stdout='Verification: OK\n', stderr='wall_clock_time: 2.58\n CPU_time: 2.57\n system_time: 0.00\n max_memory_usage: 1884\n\n')
{'time_metrics': {'wall_clock_time:': 2.58, 'CPU_time:': 2.57, 'system_time:': 0.0, 'max_memory_usage:': 1884.0}, 'program_output': ['Verification: OK']}
CompletedProcess(args='/bin/time -f "wall_clock_time: %e\n CPU_time: %U\n system_time: %S\n max_memory_usage: %M\n" ./build/nbody ', returncode=0, stdout='Verification: OK\n', stderr='wall_clock_time: 2.56\n CPU_time: 2.56\n system_time: 0.00\n max_memory_usage: 1868\n\n')
{'time_metrics': {'wall_clock_time:': 2.56, 'CPU_time:': 2.56, 'system_time:': 0.0, 'max_memory_usage:': 1868.0}, 'program_output': ['Verification: OK']}
CompletedProcess(args='/bin/time -f "wall_clock_time: %e\n CPU_time: %U\n system_time: %S\n max_memory_usage: %M\n" ./build/nbody ', returncode=0, stdout='Verification: OK\n', stderr='wall_clock_time: 2.56\n CPU_time: 2.56\n system_time: 0.00\n max_memory_usage: 1896\n\n')
{'time_metrics': {'wall_clock_time:': 2.56, 'CPU_time:': 2.56, 'system_time:': 0.0, 'max_memory_usage:': 1896.0}, 'program_output': ['Verification: OK']}
CompletedProcess(args='/bin/time -f "wall_clock_time: %e\n CPU_time: %U\n system_time: %S\n max_memory_usage: %M\n" ./build/nbody ', returncode=0, stdout='Verification: OK\n', stderr='wall_clock_time: 2.56\n CPU_time: 2.56\n system_time: 0.00\n max_memory_usage: 1888\n\n')
{'time_metrics': {'wall_clock_time:': 2.56, 'CPU_time:': 2.56, 'system_time:': 0.0, 'max_memory_usage:': 1888.0}, 'program_output': ['Verification: OK']}
CompletedProcess(args='/bin/time -f "wall_clock_time: %e\n CPU_time: %U\n system_time: %S\n max_memory_usage: %M\n" ./build/nbody ', returncode=0, stdout='Verification: OK\n', stderr='wall_clock_time: 2.55\n CPU_time: 2.55\n system_time: 0.00\n max_memory_usage: 1896\n\n')
{'time_metrics': {'wall_clock_time:': 2.55, 'CPU_time:': 2.55, 'system_time:': 0.0, 'max_memory_usage:': 1896.0}, 'program_output': ['Verification: OK']}
CompletedProcess(args='/bin/time -f "wall_clock_time: %e\n CPU_time: %U\n system_time: %S\n max_memory_usage: %M\n" ./build/nbody ', returncode=0, stdout='Verification: OK\n', stderr='wall_clock_time: 2.56\n CPU_time: 2.55\n system_time: 0.00\n max_memory_usage: 1788\n\n')
{'time_metrics': {'wall_clock_time:': 2.56, 'CPU_time:': 2.55, 'system_time:': 0.0, 'max_memory_usage:': 1788.0}, 'program_output': ['Verification: OK']}
CompletedProcess(args='/bin/time -f "wall_clock_time: %e\n CPU_time: %U\n system_time: %S\n max_memory_usage: %M\n" ./build/nbody ', returncode=0, stdout='Verification: OK\n', stderr='wall_clock_time: 2.56\n CPU_time: 2.55\n system_time: 0.00\n max_memory_usage: 1888\n\n')
{'time_metrics': {'wall_clock_time:': 2.56, 'CPU_time:': 2.55, 'system_time:': 0.0, 'max_memory_usage:': 1888.0}, 'program_output': ['Verification: OK']}
CompletedProcess(args='/bin/time -f "wall_clock_time: %e\n CPU_time: %U\n system_time: %S\n max_memory_usage: %M\n" ./build/nbody ', returncode=0, stdout='Verification: OK\n', stderr='wall_clock_time: 2.56\n CPU_time: 2.56\n system_time: 0.00\n max_memory_usage: 1880\n\n')
{'time_metrics': {'wall_clock_time:': 2.56, 'CPU_time:': 2.56, 'system_time:': 0.0, 'max_memory_usage:': 1880.0}, 'program_output': ['Verification: OK']}
running benchmarks fornbody
/bin/time -f "wall_clock_time: %e
 CPU_time: %U
 system_time: %S
 max_memory_usage: %M
" ./build/nbody 
CompletedProcess(args='/bin/time -f "wall_clock_time: %e\n CPU_time: %U\n system_time: %S\n max_memory_usage: %M\n" ./build/nbody ', returncode=0, stdout='Verification: OK\n', stderr='wall_clock_time: 2.56\n CPU_time: 2.55\n system_time: 0.00\n max_memory_usage: 1876\n\n')
{'time_metrics': {'wall_clock_time:': 2.56, 'CPU_time:': 2.55, 'system_time:': 0.0, 'max_memory_usage:': 1876.0}, 'program_output': ['Verification: OK']}
CompletedProcess(args='/bin/time -f "wall_clock_time: %e\n CPU_time: %U\n system_time: %S\n max_memory_usage: %M\n" ./build/nbody ', returncode=0, stdout='Verification: OK\n', stderr='wall_clock_time: 2.55\n CPU_time: 2.55\n system_time: 0.00\n max_memory_usage: 1872\n\n')
{'time_metrics': {'wall_clock_time:': 2.55, 'CPU_time:': 2.55, 'system_time:': 0.0, 'max_memory_usage:': 1872.0}, 'program_output': ['Verification: OK']}
CompletedProcess(args='/bin/time -f "wall_clock_time: %e\n CPU_time: %U\n system_time: %S\n max_memory_usage: %M\n" ./build/nbody ', returncode=0, stdout='Verification: OK\n', stderr='wall_clock_time: 2.55\n CPU_time: 2.54\n system_time: 0.00\n max_memory_usage: 1828\n\n')
{'time_metrics': {'wall_clock_time:': 2.55, 'CPU_time:': 2.54, 'system_time:': 0.0, 'max_memory_usage:': 1828.0}, 'program_output': ['Verification: OK']}
CompletedProcess(args='/bin/time -f "wall_clock_time: %e\n CPU_time: %U\n system_time: %S\n max_memory_usage: %M\n" ./build/nbody ', returncode=0, stdout='Verification: OK\n', stderr='wall_clock_time: 2.55\n CPU_time: 2.54\n system_time: 0.00\n max_memory_usage: 1888\n\n')
{'time_metrics': {'wall_clock_time:': 2.55, 'CPU_time:': 2.54, 'system_time:': 0.0, 'max_memory_usage:': 1888.0}, 'program_output': ['Verification: OK']}
CompletedProcess(args='/bin/time -f "wall_clock_time: %e\n CPU_time: %U\n system_time: %S\n max_memory_usage: %M\n" ./build/nbody ', returncode=0, stdout='Verification: OK\n', stderr='wall_clock_time: 2.55\n CPU_time: 2.54\n system_time: 0.00\n max_memory_usage: 1824\n\n')
{'time_metrics': {'wall_clock_time:': 2.55, 'CPU_time:': 2.54, 'system_time:': 0.0, 'max_memory_usage:': 1824.0}, 'program_output': ['Verification: OK']}
CompletedProcess(args='/bin/time -f "wall_clock_time: %e\n CPU_time: %U\n system_time: %S\n max_memory_usage: %M\n" ./build/nbody ', returncode=0, stdout='Verification: OK\n', stderr='wall_clock_time: 2.55\n CPU_time: 2.55\n system_time: 0.00\n max_memory_usage: 1780\n\n')
{'time_metrics': {'wall_clock_time:': 2.55, 'CPU_time:': 2.55, 'system_time:': 0.0, 'max_memory_usage:': 1780.0}, 'program_output': ['Verification: OK']}
CompletedProcess(args='/bin/time -f "wall_clock_time: %e\n CPU_time: %U\n system_time: %S\n max_memory_usage: %M\n" ./build/nbody ', returncode=0, stdout='Verification: OK\n', stderr='wall_clock_time: 2.56\n CPU_time: 2.56\n system_time: 0.00\n max_memory_usage: 1868\n\n')
{'time_metrics': {'wall_clock_time:': 2.56, 'CPU_time:': 2.56, 'system_time:': 0.0, 'max_memory_usage:': 1868.0}, 'program_output': ['Verification: OK']}
CompletedProcess(args='/bin/time -f "wall_clock_time: %e\n CPU_time: %U\n system_time: %S\n max_memory_usage: %M\n" ./build/nbody ', returncode=0, stdout='Verification: OK\n', stderr='wall_clock_time: 2.55\n CPU_time: 2.55\n system_time: 0.00\n max_memory_usage: 1880\n\n')
{'time_metrics': {'wall_clock_time:': 2.55, 'CPU_time:': 2.55, 'system_time:': 0.0, 'max_memory_usage:': 1880.0}, 'program_output': ['Verification: OK']}
CompletedProcess(args='/bin/time -f "wall_clock_time: %e\n CPU_time: %U\n system_time: %S\n max_memory_usage: %M\n" ./build/nbody ', returncode=0, stdout='Verification: OK\n', stderr='wall_clock_time: 2.55\n CPU_time: 2.55\n system_time: 0.00\n max_memory_usage: 1880\n\n')
{'time_metrics': {'wall_clock_time:': 2.55, 'CPU_time:': 2.55, 'system_time:': 0.0, 'max_memory_usage:': 1880.0}, 'program_output': ['Verification: OK']}
CompletedProcess(args='/bin/time -f "wall_clock_time: %e\n CPU_time: %U\n system_time: %S\n max_memory_usage: %M\n" ./build/nbody ', returncode=0, stdout='Verification: OK\n', stderr='wall_clock_time: 2.55\n CPU_time: 2.55\n system_time: 0.00\n max_memory_usage: 1864\n\n')
{'time_metrics': {'wall_clock_time:': 2.55, 'CPU_time:': 2.55, 'system_time:': 0.0, 'max_memory_usage:': 1864.0}, 'program_output': ['Verification: OK']}
running benchmarks fornbody
/bin/time -f "wall_clock_time: %e
 CPU_time: %U
 system_time: %S
 max_memory_usage: %M
" ./build/nbody 
CompletedProcess(args='/bin/time -f "wall_clock_time: %e\n CPU_time: %U\n system_time: %S\n max_memory_usage: %M\n" ./build/nbody ', returncode=0, stdout='Verification: OK\n', stderr='wall_clock_time: 2.56\n CPU_time: 2.54\n system_time: 0.00\n max_memory_usage: 1912\n\n')
{'time_metrics': {'wall_clock_time:': 2.56, 'CPU_time:': 2.54, 'system_time:': 0.0, 'max_memory_usage:': 1912.0}, 'program_output': ['Verification: OK']}
CompletedProcess(args='/bin/time -f "wall_clock_time: %e\n CPU_time: %U\n system_time: %S\n max_memory_usage: %M\n" ./build/nbody ', returncode=0, stdout='Verification: OK\n', stderr='wall_clock_time: 2.55\n CPU_time: 2.55\n system_time: 0.00\n max_memory_usage: 1824\n\n')
{'time_metrics': {'wall_clock_time:': 2.55, 'CPU_time:': 2.55, 'system_time:': 0.0, 'max_memory_usage:': 1824.0}, 'program_output': ['Verification: OK']}
CompletedProcess(args='/bin/time -f "wall_clock_time: %e\n CPU_time: %U\n system_time: %S\n max_memory_usage: %M\n" ./build/nbody ', returncode=0, stdout='Verification: OK\n', stderr='wall_clock_time: 2.55\n CPU_time: 2.55\n system_time: 0.00\n max_memory_usage: 1760\n\n')
{'time_metrics': {'wall_clock_time:': 2.55, 'CPU_time:': 2.55, 'system_time:': 0.0, 'max_memory_usage:': 1760.0}, 'program_output': ['Verification: OK']}
CompletedProcess(args='/bin/time -f "wall_clock_time: %e\n CPU_time: %U\n system_time: %S\n max_memory_usage: %M\n" ./build/nbody ', returncode=0, stdout='Verification: OK\n', stderr='wall_clock_time: 2.55\n CPU_time: 2.55\n system_time: 0.00\n max_memory_usage: 1876\n\n')
{'time_metrics': {'wall_clock_time:': 2.55, 'CPU_time:': 2.55, 'system_time:': 0.0, 'max_memory_usage:': 1876.0}, 'program_output': ['Verification: OK']}
CompletedProcess(args='/bin/time -f "wall_clock_time: %e\n CPU_time: %U\n system_time: %S\n max_memory_usage: %M\n" ./build/nbody ', returncode=0, stdout='Verification: OK\n', stderr='wall_clock_time: 2.55\n CPU_time: 2.55\n system_time: 0.00\n max_memory_usage: 1756\n\n')
{'time_metrics': {'wall_clock_time:': 2.55, 'CPU_time:': 2.55, 'system_time:': 0.0, 'max_memory_usage:': 1756.0}, 'program_output': ['Verification: OK']}
CompletedProcess(args='/bin/time -f "wall_clock_time: %e\n CPU_time: %U\n system_time: %S\n max_memory_usage: %M\n" ./build/nbody ', returncode=0, stdout='Verification: OK\n', stderr='wall_clock_time: 2.55\n CPU_time: 2.54\n system_time: 0.00\n max_memory_usage: 1868\n\n')
{'time_metrics': {'wall_clock_time:': 2.55, 'CPU_time:': 2.54, 'system_time:': 0.0, 'max_memory_usage:': 1868.0}, 'program_output': ['Verification: OK']}
CompletedProcess(args='/bin/time -f "wall_clock_time: %e\n CPU_time: %U\n system_time: %S\n max_memory_usage: %M\n" ./build/nbody ', returncode=0, stdout='Verification: OK\n', stderr='wall_clock_time: 2.55\n CPU_time: 2.54\n system_time: 0.00\n max_memory_usage: 1872\n\n')
{'time_metrics': {'wall_clock_time:': 2.55, 'CPU_time:': 2.54, 'system_time:': 0.0, 'max_memory_usage:': 1872.0}, 'program_output': ['Verification: OK']}
CompletedProcess(args='/bin/time -f "wall_clock_time: %e\n CPU_time: %U\n system_time: %S\n max_memory_usage: %M\n" ./build/nbody ', returncode=0, stdout='Verification: OK\n', stderr='wall_clock_time: 2.55\n CPU_time: 2.55\n system_time: 0.00\n max_memory_usage: 1872\n\n')
{'time_metrics': {'wall_clock_time:': 2.55, 'CPU_time:': 2.55, 'system_time:': 0.0, 'max_memory_usage:': 1872.0}, 'program_output': ['Verification: OK']}
CompletedProcess(args='/bin/time -f "wall_clock_time: %e\n CPU_time: %U\n system_time: %S\n max_memory_usage: %M\n" ./build/nbody ', returncode=0, stdout='Verification: OK\n', stderr='wall_clock_time: 2.56\n CPU_time: 2.55\n system_time: 0.00\n max_memory_usage: 1880\n\n')
{'time_metrics': {'wall_clock_time:': 2.56, 'CPU_time:': 2.55, 'system_time:': 0.0, 'max_memory_usage:': 1880.0}, 'program_output': ['Verification: OK']}
CompletedProcess(args='/bin/time -f "wall_clock_time: %e\n CPU_time: %U\n system_time: %S\n max_memory_usage: %M\n" ./build/nbody ', returncode=0, stdout='Verification: OK\n', stderr='wall_clock_time: 2.56\n CPU_time: 2.55\n system_time: 0.00\n max_memory_usage: 1872\n\n')
{'time_metrics': {'wall_clock_time:': 2.56, 'CPU_time:': 2.55, 'system_time:': 0.0, 'max_memory_usage:': 1872.0}, 'program_output': ['Verification: OK']}
